<?xml version="1.0" encoding="UTF-8"?>
<testsuite xmlns:xsi="http://www.w3.org/2001/XMLSchema-instance" xsi:noNamespaceSchemaLocation="https://maven.apache.org/surefire/maven-surefire-plugin/xsd/surefire-test-report-3.0.xsd" version="3.0" name="dev.coms4156.project.RouteControllerTest" time="0.118" tests="26" errors="0" skipped="0" failures="0">
  <properties>
    <property name="java.specification.version" value="17"/>
    <property name="sun.jnu.encoding" value="UTF-8"/>
    <property name="java.class.path" value="/Users/sophie/100-of-100-client-team/ClientApplication/backend/target/test-classes:/Users/sophie/100-of-100-client-team/ClientApplication/backend/target/classes:/Users/sophie/.m2/repository/org/springframework/boot/spring-boot-starter-web/3.2.2/spring-boot-starter-web-3.2.2.jar:/Users/sophie/.m2/repository/org/springframework/boot/spring-boot-starter/3.2.2/spring-boot-starter-3.2.2.jar:/Users/sophie/.m2/repository/org/springframework/boot/spring-boot/3.2.2/spring-boot-3.2.2.jar:/Users/sophie/.m2/repository/org/springframework/boot/spring-boot-autoconfigure/3.2.2/spring-boot-autoconfigure-3.2.2.jar:/Users/sophie/.m2/repository/org/springframework/boot/spring-boot-starter-logging/3.2.2/spring-boot-starter-logging-3.2.2.jar:/Users/sophie/.m2/repository/ch/qos/logback/logback-classic/1.4.14/logback-classic-1.4.14.jar:/Users/sophie/.m2/repository/ch/qos/logback/logback-core/1.4.14/logback-core-1.4.14.jar:/Users/sophie/.m2/repository/org/apache/logging/log4j/log4j-to-slf4j/2.21.1/log4j-to-slf4j-2.21.1.jar:/Users/sophie/.m2/repository/org/apache/logging/log4j/log4j-api/2.21.1/log4j-api-2.21.1.jar:/Users/sophie/.m2/repository/org/slf4j/jul-to-slf4j/2.0.11/jul-to-slf4j-2.0.11.jar:/Users/sophie/.m2/repository/jakarta/annotation/jakarta.annotation-api/2.1.1/jakarta.annotation-api-2.1.1.jar:/Users/sophie/.m2/repository/org/yaml/snakeyaml/2.2/snakeyaml-2.2.jar:/Users/sophie/.m2/repository/org/springframework/boot/spring-boot-starter-json/3.2.2/spring-boot-starter-json-3.2.2.jar:/Users/sophie/.m2/repository/com/fasterxml/jackson/core/jackson-databind/2.15.3/jackson-databind-2.15.3.jar:/Users/sophie/.m2/repository/com/fasterxml/jackson/core/jackson-annotations/2.15.3/jackson-annotations-2.15.3.jar:/Users/sophie/.m2/repository/com/fasterxml/jackson/core/jackson-core/2.15.3/jackson-core-2.15.3.jar:/Users/sophie/.m2/repository/com/fasterxml/jackson/datatype/jackson-datatype-jdk8/2.15.3/jackson-datatype-jdk8-2.15.3.jar:/Users/sophie/.m2/repository/com/fasterxml/jackson/datatype/jackson-datatype-jsr310/2.15.3/jackson-datatype-jsr310-2.15.3.jar:/Users/sophie/.m2/repository/com/fasterxml/jackson/module/jackson-module-parameter-names/2.15.3/jackson-module-parameter-names-2.15.3.jar:/Users/sophie/.m2/repository/org/springframework/boot/spring-boot-starter-tomcat/3.2.2/spring-boot-starter-tomcat-3.2.2.jar:/Users/sophie/.m2/repository/org/apache/tomcat/embed/tomcat-embed-core/10.1.18/tomcat-embed-core-10.1.18.jar:/Users/sophie/.m2/repository/org/apache/tomcat/embed/tomcat-embed-el/10.1.18/tomcat-embed-el-10.1.18.jar:/Users/sophie/.m2/repository/org/apache/tomcat/embed/tomcat-embed-websocket/10.1.18/tomcat-embed-websocket-10.1.18.jar:/Users/sophie/.m2/repository/org/springframework/spring-web/6.1.3/spring-web-6.1.3.jar:/Users/sophie/.m2/repository/org/springframework/spring-beans/6.1.3/spring-beans-6.1.3.jar:/Users/sophie/.m2/repository/io/micrometer/micrometer-observation/1.12.2/micrometer-observation-1.12.2.jar:/Users/sophie/.m2/repository/io/micrometer/micrometer-commons/1.12.2/micrometer-commons-1.12.2.jar:/Users/sophie/.m2/repository/org/springframework/spring-webmvc/6.1.3/spring-webmvc-6.1.3.jar:/Users/sophie/.m2/repository/org/springframework/spring-aop/6.1.3/spring-aop-6.1.3.jar:/Users/sophie/.m2/repository/org/springframework/spring-context/6.1.3/spring-context-6.1.3.jar:/Users/sophie/.m2/repository/org/springframework/spring-expression/6.1.3/spring-expression-6.1.3.jar:/Users/sophie/.m2/repository/org/springframework/boot/spring-boot-starter-test/3.2.2/spring-boot-starter-test-3.2.2.jar:/Users/sophie/.m2/repository/org/springframework/boot/spring-boot-test/3.2.2/spring-boot-test-3.2.2.jar:/Users/sophie/.m2/repository/org/springframework/boot/spring-boot-test-autoconfigure/3.2.2/spring-boot-test-autoconfigure-3.2.2.jar:/Users/sophie/.m2/repository/com/jayway/jsonpath/json-path/2.8.0/json-path-2.8.0.jar:/Users/sophie/.m2/repository/org/slf4j/slf4j-api/2.0.11/slf4j-api-2.0.11.jar:/Users/sophie/.m2/repository/jakarta/xml/bind/jakarta.xml.bind-api/4.0.1/jakarta.xml.bind-api-4.0.1.jar:/Users/sophie/.m2/repository/jakarta/activation/jakarta.activation-api/2.1.2/jakarta.activation-api-2.1.2.jar:/Users/sophie/.m2/repository/net/minidev/json-smart/2.5.0/json-smart-2.5.0.jar:/Users/sophie/.m2/repository/net/minidev/accessors-smart/2.5.0/accessors-smart-2.5.0.jar:/Users/sophie/.m2/repository/org/ow2/asm/asm/9.3/asm-9.3.jar:/Users/sophie/.m2/repository/org/assertj/assertj-core/3.24.2/assertj-core-3.24.2.jar:/Users/sophie/.m2/repository/net/bytebuddy/byte-buddy/1.14.11/byte-buddy-1.14.11.jar:/Users/sophie/.m2/repository/org/awaitility/awaitility/4.2.0/awaitility-4.2.0.jar:/Users/sophie/.m2/repository/org/hamcrest/hamcrest/2.2/hamcrest-2.2.jar:/Users/sophie/.m2/repository/org/junit/jupiter/junit-jupiter/5.10.1/junit-jupiter-5.10.1.jar:/Users/sophie/.m2/repository/org/junit/jupiter/junit-jupiter-api/5.10.1/junit-jupiter-api-5.10.1.jar:/Users/sophie/.m2/repository/org/opentest4j/opentest4j/1.3.0/opentest4j-1.3.0.jar:/Users/sophie/.m2/repository/org/junit/platform/junit-platform-commons/1.10.1/junit-platform-commons-1.10.1.jar:/Users/sophie/.m2/repository/org/apiguardian/apiguardian-api/1.1.2/apiguardian-api-1.1.2.jar:/Users/sophie/.m2/repository/org/junit/jupiter/junit-jupiter-params/5.10.1/junit-jupiter-params-5.10.1.jar:/Users/sophie/.m2/repository/org/junit/jupiter/junit-jupiter-engine/5.10.1/junit-jupiter-engine-5.10.1.jar:/Users/sophie/.m2/repository/org/junit/platform/junit-platform-engine/1.10.1/junit-platform-engine-1.10.1.jar:/Users/sophie/.m2/repository/org/mockito/mockito-core/5.7.0/mockito-core-5.7.0.jar:/Users/sophie/.m2/repository/net/bytebuddy/byte-buddy-agent/1.14.11/byte-buddy-agent-1.14.11.jar:/Users/sophie/.m2/repository/org/objenesis/objenesis/3.3/objenesis-3.3.jar:/Users/sophie/.m2/repository/org/mockito/mockito-junit-jupiter/5.7.0/mockito-junit-jupiter-5.7.0.jar:/Users/sophie/.m2/repository/org/skyscreamer/jsonassert/1.5.1/jsonassert-1.5.1.jar:/Users/sophie/.m2/repository/com/vaadin/external/google/android-json/0.0.20131108.vaadin1/android-json-0.0.20131108.vaadin1.jar:/Users/sophie/.m2/repository/org/springframework/spring-core/6.1.3/spring-core-6.1.3.jar:/Users/sophie/.m2/repository/org/springframework/spring-jcl/6.1.3/spring-jcl-6.1.3.jar:/Users/sophie/.m2/repository/org/springframework/spring-test/6.1.3/spring-test-6.1.3.jar:/Users/sophie/.m2/repository/org/xmlunit/xmlunit-core/2.9.1/xmlunit-core-2.9.1.jar:/Users/sophie/.m2/repository/com/mysql/mysql-connector-j/8.0.33/mysql-connector-j-8.0.33.jar:"/>
    <property name="java.vm.vendor" value="Homebrew"/>
    <property name="sun.arch.data.model" value="64"/>
    <property name="catalina.useNaming" value="false"/>
    <property name="java.vendor.url" value="https://github.com/Homebrew/homebrew-core/issues"/>
    <property name="user.timezone" value="America/New_York"/>
    <property name="os.name" value="Mac OS X"/>
    <property name="java.vm.specification.version" value="17"/>
    <property name="sun.java.launcher" value="SUN_STANDARD"/>
    <property name="user.country" value="US"/>
    <property name="sun.boot.library.path" value="/opt/homebrew/Cellar/openjdk@17/17.0.12/libexec/openjdk.jdk/Contents/Home/lib"/>
    <property name="sun.java.command" value="/Users/sophie/100-of-100-client-team/ClientApplication/backend/target/surefire/surefirebooter-20241123233950071_3.jar /Users/sophie/100-of-100-client-team/ClientApplication/backend/target/surefire 2024-11-23T23-39-50_030-jvmRun1 surefire-20241123233950071_1tmp surefire_0-20241123233950071_2tmp"/>
    <property name="http.nonProxyHosts" value="local|*.local|169.254/16|*.169.254/16"/>
    <property name="jdk.debug" value="release"/>
    <property name="surefire.test.class.path" value="/Users/sophie/100-of-100-client-team/ClientApplication/backend/target/test-classes:/Users/sophie/100-of-100-client-team/ClientApplication/backend/target/classes:/Users/sophie/.m2/repository/org/springframework/boot/spring-boot-starter-web/3.2.2/spring-boot-starter-web-3.2.2.jar:/Users/sophie/.m2/repository/org/springframework/boot/spring-boot-starter/3.2.2/spring-boot-starter-3.2.2.jar:/Users/sophie/.m2/repository/org/springframework/boot/spring-boot/3.2.2/spring-boot-3.2.2.jar:/Users/sophie/.m2/repository/org/springframework/boot/spring-boot-autoconfigure/3.2.2/spring-boot-autoconfigure-3.2.2.jar:/Users/sophie/.m2/repository/org/springframework/boot/spring-boot-starter-logging/3.2.2/spring-boot-starter-logging-3.2.2.jar:/Users/sophie/.m2/repository/ch/qos/logback/logback-classic/1.4.14/logback-classic-1.4.14.jar:/Users/sophie/.m2/repository/ch/qos/logback/logback-core/1.4.14/logback-core-1.4.14.jar:/Users/sophie/.m2/repository/org/apache/logging/log4j/log4j-to-slf4j/2.21.1/log4j-to-slf4j-2.21.1.jar:/Users/sophie/.m2/repository/org/apache/logging/log4j/log4j-api/2.21.1/log4j-api-2.21.1.jar:/Users/sophie/.m2/repository/org/slf4j/jul-to-slf4j/2.0.11/jul-to-slf4j-2.0.11.jar:/Users/sophie/.m2/repository/jakarta/annotation/jakarta.annotation-api/2.1.1/jakarta.annotation-api-2.1.1.jar:/Users/sophie/.m2/repository/org/yaml/snakeyaml/2.2/snakeyaml-2.2.jar:/Users/sophie/.m2/repository/org/springframework/boot/spring-boot-starter-json/3.2.2/spring-boot-starter-json-3.2.2.jar:/Users/sophie/.m2/repository/com/fasterxml/jackson/core/jackson-databind/2.15.3/jackson-databind-2.15.3.jar:/Users/sophie/.m2/repository/com/fasterxml/jackson/core/jackson-annotations/2.15.3/jackson-annotations-2.15.3.jar:/Users/sophie/.m2/repository/com/fasterxml/jackson/core/jackson-core/2.15.3/jackson-core-2.15.3.jar:/Users/sophie/.m2/repository/com/fasterxml/jackson/datatype/jackson-datatype-jdk8/2.15.3/jackson-datatype-jdk8-2.15.3.jar:/Users/sophie/.m2/repository/com/fasterxml/jackson/datatype/jackson-datatype-jsr310/2.15.3/jackson-datatype-jsr310-2.15.3.jar:/Users/sophie/.m2/repository/com/fasterxml/jackson/module/jackson-module-parameter-names/2.15.3/jackson-module-parameter-names-2.15.3.jar:/Users/sophie/.m2/repository/org/springframework/boot/spring-boot-starter-tomcat/3.2.2/spring-boot-starter-tomcat-3.2.2.jar:/Users/sophie/.m2/repository/org/apache/tomcat/embed/tomcat-embed-core/10.1.18/tomcat-embed-core-10.1.18.jar:/Users/sophie/.m2/repository/org/apache/tomcat/embed/tomcat-embed-el/10.1.18/tomcat-embed-el-10.1.18.jar:/Users/sophie/.m2/repository/org/apache/tomcat/embed/tomcat-embed-websocket/10.1.18/tomcat-embed-websocket-10.1.18.jar:/Users/sophie/.m2/repository/org/springframework/spring-web/6.1.3/spring-web-6.1.3.jar:/Users/sophie/.m2/repository/org/springframework/spring-beans/6.1.3/spring-beans-6.1.3.jar:/Users/sophie/.m2/repository/io/micrometer/micrometer-observation/1.12.2/micrometer-observation-1.12.2.jar:/Users/sophie/.m2/repository/io/micrometer/micrometer-commons/1.12.2/micrometer-commons-1.12.2.jar:/Users/sophie/.m2/repository/org/springframework/spring-webmvc/6.1.3/spring-webmvc-6.1.3.jar:/Users/sophie/.m2/repository/org/springframework/spring-aop/6.1.3/spring-aop-6.1.3.jar:/Users/sophie/.m2/repository/org/springframework/spring-context/6.1.3/spring-context-6.1.3.jar:/Users/sophie/.m2/repository/org/springframework/spring-expression/6.1.3/spring-expression-6.1.3.jar:/Users/sophie/.m2/repository/org/springframework/boot/spring-boot-starter-test/3.2.2/spring-boot-starter-test-3.2.2.jar:/Users/sophie/.m2/repository/org/springframework/boot/spring-boot-test/3.2.2/spring-boot-test-3.2.2.jar:/Users/sophie/.m2/repository/org/springframework/boot/spring-boot-test-autoconfigure/3.2.2/spring-boot-test-autoconfigure-3.2.2.jar:/Users/sophie/.m2/repository/com/jayway/jsonpath/json-path/2.8.0/json-path-2.8.0.jar:/Users/sophie/.m2/repository/org/slf4j/slf4j-api/2.0.11/slf4j-api-2.0.11.jar:/Users/sophie/.m2/repository/jakarta/xml/bind/jakarta.xml.bind-api/4.0.1/jakarta.xml.bind-api-4.0.1.jar:/Users/sophie/.m2/repository/jakarta/activation/jakarta.activation-api/2.1.2/jakarta.activation-api-2.1.2.jar:/Users/sophie/.m2/repository/net/minidev/json-smart/2.5.0/json-smart-2.5.0.jar:/Users/sophie/.m2/repository/net/minidev/accessors-smart/2.5.0/accessors-smart-2.5.0.jar:/Users/sophie/.m2/repository/org/ow2/asm/asm/9.3/asm-9.3.jar:/Users/sophie/.m2/repository/org/assertj/assertj-core/3.24.2/assertj-core-3.24.2.jar:/Users/sophie/.m2/repository/net/bytebuddy/byte-buddy/1.14.11/byte-buddy-1.14.11.jar:/Users/sophie/.m2/repository/org/awaitility/awaitility/4.2.0/awaitility-4.2.0.jar:/Users/sophie/.m2/repository/org/hamcrest/hamcrest/2.2/hamcrest-2.2.jar:/Users/sophie/.m2/repository/org/junit/jupiter/junit-jupiter/5.10.1/junit-jupiter-5.10.1.jar:/Users/sophie/.m2/repository/org/junit/jupiter/junit-jupiter-api/5.10.1/junit-jupiter-api-5.10.1.jar:/Users/sophie/.m2/repository/org/opentest4j/opentest4j/1.3.0/opentest4j-1.3.0.jar:/Users/sophie/.m2/repository/org/junit/platform/junit-platform-commons/1.10.1/junit-platform-commons-1.10.1.jar:/Users/sophie/.m2/repository/org/apiguardian/apiguardian-api/1.1.2/apiguardian-api-1.1.2.jar:/Users/sophie/.m2/repository/org/junit/jupiter/junit-jupiter-params/5.10.1/junit-jupiter-params-5.10.1.jar:/Users/sophie/.m2/repository/org/junit/jupiter/junit-jupiter-engine/5.10.1/junit-jupiter-engine-5.10.1.jar:/Users/sophie/.m2/repository/org/junit/platform/junit-platform-engine/1.10.1/junit-platform-engine-1.10.1.jar:/Users/sophie/.m2/repository/org/mockito/mockito-core/5.7.0/mockito-core-5.7.0.jar:/Users/sophie/.m2/repository/net/bytebuddy/byte-buddy-agent/1.14.11/byte-buddy-agent-1.14.11.jar:/Users/sophie/.m2/repository/org/objenesis/objenesis/3.3/objenesis-3.3.jar:/Users/sophie/.m2/repository/org/mockito/mockito-junit-jupiter/5.7.0/mockito-junit-jupiter-5.7.0.jar:/Users/sophie/.m2/repository/org/skyscreamer/jsonassert/1.5.1/jsonassert-1.5.1.jar:/Users/sophie/.m2/repository/com/vaadin/external/google/android-json/0.0.20131108.vaadin1/android-json-0.0.20131108.vaadin1.jar:/Users/sophie/.m2/repository/org/springframework/spring-core/6.1.3/spring-core-6.1.3.jar:/Users/sophie/.m2/repository/org/springframework/spring-jcl/6.1.3/spring-jcl-6.1.3.jar:/Users/sophie/.m2/repository/org/springframework/spring-test/6.1.3/spring-test-6.1.3.jar:/Users/sophie/.m2/repository/org/xmlunit/xmlunit-core/2.9.1/xmlunit-core-2.9.1.jar:/Users/sophie/.m2/repository/com/mysql/mysql-connector-j/8.0.33/mysql-connector-j-8.0.33.jar:"/>
    <property name="sun.cpu.endian" value="little"/>
    <property name="user.home" value="/Users/sophie"/>
    <property name="user.language" value="en"/>
    <property name="java.specification.vendor" value="Oracle Corporation"/>
    <property name="java.version.date" value="2024-07-16"/>
    <property name="java.home" value="/opt/homebrew/Cellar/openjdk@17/17.0.12/libexec/openjdk.jdk/Contents/Home"/>
    <property name="file.separator" value="/"/>
    <property name="basedir" value="/Users/sophie/100-of-100-client-team/ClientApplication/backend"/>
    <property name="java.vm.compressedOopsMode" value="Zero based"/>
    <property name="line.separator" value="&#10;"/>
    <property name="java.vm.specification.vendor" value="Oracle Corporation"/>
    <property name="java.specification.name" value="Java Platform API Specification"/>
    <property name="FILE_LOG_CHARSET" value="UTF-8"/>
    <property name="java.awt.headless" value="true"/>
    <property name="surefire.real.class.path" value="/Users/sophie/100-of-100-client-team/ClientApplication/backend/target/surefire/surefirebooter-20241123233950071_3.jar"/>
    <property name="sun.management.compiler" value="HotSpot 64-Bit Tiered Compilers"/>
    <property name="ftp.nonProxyHosts" value="local|*.local|169.254/16|*.169.254/16"/>
    <property name="java.runtime.version" value="17.0.12+0"/>
    <property name="user.name" value="sophie"/>
    <property name="path.separator" value=":"/>
    <property name="os.version" value="15.1.1"/>
    <property name="java.runtime.name" value="OpenJDK Runtime Environment"/>
    <property name="file.encoding" value="UTF-8"/>
    <property name="java.vm.name" value="OpenJDK 64-Bit Server VM"/>
    <property name="java.vendor.version" value="Homebrew"/>
    <property name="localRepository" value="/Users/sophie/.m2/repository"/>
    <property name="java.vendor.url.bug" value="https://github.com/Homebrew/homebrew-core/issues"/>
    <property name="java.io.tmpdir" value="/var/folders/rw/8x_6gq_949n27k0_71ws29x00000gn/T/"/>
    <property name="catalina.home" value="/private/var/folders/rw/8x_6gq_949n27k0_71ws29x00000gn/T/tomcat.8080.1584113539672118907"/>
    <property name="java.version" value="17.0.12"/>
    <property name="user.dir" value="/Users/sophie/100-of-100-client-team/ClientApplication/backend"/>
    <property name="os.arch" value="aarch64"/>
    <property name="java.vm.specification.name" value="Java Virtual Machine Specification"/>
    <property name="PID" value="18196"/>
    <property name="CONSOLE_LOG_CHARSET" value="UTF-8"/>
    <property name="catalina.base" value="/private/var/folders/rw/8x_6gq_949n27k0_71ws29x00000gn/T/tomcat.8080.1584113539672118907"/>
    <property name="native.encoding" value="UTF-8"/>
    <property name="java.library.path" value="/Users/sophie/Library/Java/Extensions:/Library/Java/Extensions:/Network/Library/Java/Extensions:/System/Library/Java/Extensions:/usr/lib/java:."/>
    <property name="java.vm.info" value="mixed mode, sharing"/>
    <property name="java.vendor" value="Homebrew"/>
    <property name="java.vm.version" value="17.0.12+0"/>
    <property name="sun.io.unicode.encoding" value="UnicodeBig"/>
    <property name="socksNonProxyHosts" value="local|*.local|169.254/16|*.169.254/16"/>
    <property name="java.class.version" value="61.0"/>
  </properties>
  <testcase name="testSetEmpSalaryNotExist" classname="dev.coms4156.project.RouteControllerTest" time="0.005">
    <system-out><![CDATA[2024-11-23T23:39:55.534-05:00  INFO 18196 --- [           main] t.c.s.AnnotationConfigContextLoaderUtils : Could not detect default configuration classes for test class [dev.coms4156.project.RouteControllerTest]: RouteControllerTest does not declare any static, non-private, non-final, nested classes annotated with @Configuration.
2024-11-23T23:39:55.536-05:00  INFO 18196 --- [           main] .b.t.c.SpringBootTestContextBootstrapper : Found @SpringBootConfiguration dev.coms4156.project.ServiceApplication for test class dev.coms4156.project.RouteControllerTest
2024-11-23T23:39:55.538-05:00  INFO 18196 --- [           main] dev.coms4156.project.HrDatabaseFacade    : Database connection is set to: In-memory Database::null
2024-11-23T23:39:55.542-05:00  INFO 18196 --- [           main] d.c.p.interceptor.RrLoggingInterceptor   : Request from 127.0.0.1:80 to PATCH '/setEmpSalary'...
2024-11-23T23:39:55.542-05:00  INFO 18196 --- [           main] d.c.p.i.ParameterDecodingInterceptor     : Decode client id from [MQ] to [1].
2024-11-23T23:39:55.544-05:00  INFO 18196 --- [           main] d.c.p.interceptor.RrLoggingInterceptor   : Request from 127.0.0.1:80 to PATCH '/setEmpSalary' completed with status 404.
]]></system-out>
  </testcase>
  <testcase name="testSetDeptHead" classname="dev.coms4156.project.RouteControllerTest" time="0.004">
    <system-out><![CDATA[2024-11-23T23:39:55.546-05:00  INFO 18196 --- [           main] d.c.p.interceptor.RrLoggingInterceptor   : Request from 127.0.0.1:80 to PATCH '/setDeptHead'...
2024-11-23T23:39:55.546-05:00  INFO 18196 --- [           main] d.c.p.i.ParameterDecodingInterceptor     : Decode client id from [MQ] to [1].
{head=John Doe, name=Engineering, id=1, employees=[{performance=90.0, name=John Doe, id=1, position=Software Engineer, salary=75000.0}, {performance=88.3, name=Tom Brown, id=3, position=Software Engineer, salary=70000.0}, {performance=90.0, name=Test, id=4, position=Something, salary=80000.0}], employeeCount=3, headId=1}
{head=John Doe, name=Engineering, id=1, employees=[{performance=90.0, name=John Doe, id=1, position=Software Engineer, salary=75000.0}, {performance=88.3, name=Tom Brown, id=3, position=Software Engineer, salary=70000.0}, {performance=90.0, name=Test, id=4, position=Something, salary=80000.0}], employeeCount=3, headId=1}
{head=, name=Marketing, id=2, employees=[{performance=0.0, name=Jane Smith, id=2, position=Other, salary=0.0}], employeeCount=1, headId=}
2024-11-23T23:39:55.547-05:00  INFO 18196 --- [           main] d.c.p.interceptor.RrLoggingInterceptor   : Request from 127.0.0.1:80 to PATCH '/setDeptHead' completed with status 200.
2024-11-23T23:39:55.548-05:00  INFO 18196 --- [           main] d.c.p.interceptor.RrLoggingInterceptor   : Request from 127.0.0.1:80 to GET '/getDeptInfo'...
2024-11-23T23:39:55.548-05:00  INFO 18196 --- [           main] d.c.p.i.ParameterDecodingInterceptor     : Decode client id from [MQ] to [1].
{head=John Doe, name=Engineering, id=1, employees=[{performance=90.0, name=John Doe, id=1, position=Software Engineer, salary=75000.0}, {performance=88.3, name=Tom Brown, id=3, position=Software Engineer, salary=70000.0}, {performance=90.0, name=Test, id=4, position=Something, salary=80000.0}], employeeCount=3, headId=1}
2024-11-23T23:39:55.548-05:00  INFO 18196 --- [           main] d.c.p.interceptor.RrLoggingInterceptor   : Request from 127.0.0.1:80 to GET '/getDeptInfo' completed with status 200.
{"head":"John Doe","name":"Engineering","id":1,"employees":[{"performance":90.0,"name":"John Doe","id":1,"position":"Software Engineer","salary":75000.0},{"performance":88.3,"name":"Tom Brown","id":3,"position":"Software Engineer","salary":70000.0},{"performance":90.0,"name":"Test","id":4,"position":"Something","salary":80000.0}],"employeeCount":3,"headId":1}
]]></system-out>
  </testcase>
  <testcase name="testGetDeptInfo" classname="dev.coms4156.project.RouteControllerTest" time="0.004">
    <system-out><![CDATA[2024-11-23T23:39:55.553-05:00  INFO 18196 --- [           main] d.c.p.interceptor.RrLoggingInterceptor   : Request from 127.0.0.1:80 to GET '/getDeptInfo'...
2024-11-23T23:39:55.553-05:00  INFO 18196 --- [           main] d.c.p.i.ParameterDecodingInterceptor     : Decode client id from [MQ] to [1].
{head=John Doe, name=Engineering, id=1, employees=[{performance=90.0, name=John Doe, id=1, position=Software Engineer, salary=75000.0}, {performance=88.3, name=Tom Brown, id=3, position=Software Engineer, salary=70000.0}, {performance=90.0, name=Test, id=4, position=Something, salary=80000.0}], employeeCount=3, headId=1}
2024-11-23T23:39:55.554-05:00  INFO 18196 --- [           main] d.c.p.interceptor.RrLoggingInterceptor   : Request from 127.0.0.1:80 to GET '/getDeptInfo' completed with status 200.
{"head":"John Doe","name":"Engineering","id":1,"employees":[{"performance":90.0,"name":"John Doe","id":1,"position":"Software Engineer","salary":75000.0},{"performance":88.3,"name":"Tom Brown","id":3,"position":"Software Engineer","salary":70000.0},{"performance":90.0,"name":"Test","id":4,"position":"Something","salary":80000.0}],"employeeCount":3,"headId":1}
]]></system-out>
  </testcase>
  <testcase name="testStatDeptPerfNotExist" classname="dev.coms4156.project.RouteControllerTest" time="0.004">
    <system-out><![CDATA[2024-11-23T23:39:55.558-05:00  INFO 18196 --- [           main] d.c.p.interceptor.RrLoggingInterceptor   : Request from 127.0.0.1:80 to GET '/statDeptPerf'...
2024-11-23T23:39:55.558-05:00  INFO 18196 --- [           main] d.c.p.i.ParameterDecodingInterceptor     : Decode client id from [MQ] to [1].
2024-11-23T23:39:55.559-05:00  INFO 18196 --- [           main] d.c.p.interceptor.RrLoggingInterceptor   : Request from 127.0.0.1:80 to GET '/statDeptPerf' completed with status 404.
]]></system-out>
  </testcase>
  <testcase name="testStatDeptBudgetNotExist" classname="dev.coms4156.project.RouteControllerTest" time="0.003">
    <system-out><![CDATA[2024-11-23T23:39:55.561-05:00  INFO 18196 --- [           main] d.c.p.interceptor.RrLoggingInterceptor   : Request from 127.0.0.1:80 to GET '/statDeptBudget'...
2024-11-23T23:39:55.561-05:00  INFO 18196 --- [           main] d.c.p.i.ParameterDecodingInterceptor     : Decode client id from [MQ] to [1].
2024-11-23T23:39:55.562-05:00  INFO 18196 --- [           main] d.c.p.interceptor.RrLoggingInterceptor   : Request from 127.0.0.1:80 to GET '/statDeptBudget' completed with status 404.
]]></system-out>
  </testcase>
  <testcase name="testNegativeEmployeeId" classname="dev.coms4156.project.RouteControllerTest" time="0.002">
    <system-out><![CDATA[2024-11-23T23:39:55.564-05:00  INFO 18196 --- [           main] d.c.p.interceptor.RrLoggingInterceptor   : Request from 127.0.0.1:80 to GET '/getEmpInfo'...
2024-11-23T23:39:55.564-05:00  INFO 18196 --- [           main] d.c.p.i.ParameterDecodingInterceptor     : Decode client id from [MQ] to [1].
2024-11-23T23:39:55.564-05:00  INFO 18196 --- [           main] d.c.p.interceptor.RrLoggingInterceptor   : Request from 127.0.0.1:80 to GET '/getEmpInfo' completed with status 404.
]]></system-out>
  </testcase>
  <testcase name="testAddEmpToDept" classname="dev.coms4156.project.RouteControllerTest" time="0.006">
    <system-out><![CDATA[2024-11-23T23:39:55.566-05:00  INFO 18196 --- [           main] d.c.p.interceptor.RrLoggingInterceptor   : Request from 127.0.0.1:80 to POST '/addEmpToDept'...
2024-11-23T23:39:55.566-05:00  INFO 18196 --- [           main] d.c.p.i.ParameterDecodingInterceptor     : Decode client id from [MQ] to [1].
{head=John Doe, name=Engineering, id=1, employees=[{performance=90.0, name=John Doe, id=1, position=Software Engineer, salary=75000.0}, {performance=88.3, name=Tom Brown, id=3, position=Software Engineer, salary=70000.0}, {performance=90.0, name=Test, id=4, position=Something, salary=80000.0}], employeeCount=3, headId=1}
{hireDate=Tue Jun 28 00:00:00 EDT 2022, performance=0.0, name=Lily, ID=-1, position=Other, salary=0.0, representation=Employee: Lily (ID: -1) Hired at: Tue Jun 28 00:00:00 EDT 2022}
{hireDate=Tue Jun 28 00:00:00 EDT 2022, performance=0.0, name=Lily, ID=3, position=Other, salary=0.0, representation=Employee: Lily (ID: 3) Hired at: Tue Jun 28 00:00:00 EDT 2022}
2024-11-23T23:39:55.569-05:00  INFO 18196 --- [           main] d.c.p.interceptor.RrLoggingInterceptor   : Request from 127.0.0.1:80 to POST '/addEmpToDept' completed with status 201.
2024-11-23T23:39:55.569-05:00  INFO 18196 --- [           main] d.c.p.interceptor.RrLoggingInterceptor   : Request from 127.0.0.1:80 to GET '/getDeptInfo'...
2024-11-23T23:39:55.569-05:00  INFO 18196 --- [           main] d.c.p.i.ParameterDecodingInterceptor     : Decode client id from [MQ] to [1].
{head=John Doe, name=Engineering, id=1, employees=[{performance=90.0, name=John Doe, id=1, position=Software Engineer, salary=75000.0}, {performance=88.3, name=Tom Brown, id=3, position=Software Engineer, salary=70000.0}, {performance=90.0, name=Test, id=4, position=Something, salary=80000.0}, {performance=0.0, name=Lily, id=3, position=Other, salary=0.0}], employeeCount=4, headId=1}
2024-11-23T23:39:55.570-05:00  INFO 18196 --- [           main] d.c.p.interceptor.RrLoggingInterceptor   : Request from 127.0.0.1:80 to GET '/getDeptInfo' completed with status 200.
{"head":"John Doe","name":"Engineering","id":1,"employees":[{"performance":90.0,"name":"John Doe","id":1,"position":"Software Engineer","salary":75000.0},{"performance":88.3,"name":"Tom Brown","id":3,"position":"Software Engineer","salary":70000.0},{"performance":90.0,"name":"Test","id":4,"position":"Something","salary":80000.0},{"performance":0.0,"name":"Lily","id":3,"position":"Other","salary":0.0}],"employeeCount":4,"headId":1}
]]></system-out>
  </testcase>
  <testcase name="testUpdateEmpInfo" classname="dev.coms4156.project.RouteControllerTest" time="0.008">
    <system-out><![CDATA[2024-11-23T23:39:55.572-05:00  INFO 18196 --- [           main] d.c.p.interceptor.RrLoggingInterceptor   : Request from 127.0.0.1:80 to PATCH '/updateEmpInfo'...
2024-11-23T23:39:55.572-05:00  INFO 18196 --- [           main] d.c.p.i.ParameterDecodingInterceptor     : Decode client id from [MQ] to [1].
2024-11-23T23:39:55.576-05:00  INFO 18196 --- [           main] d.c.p.interceptor.RrLoggingInterceptor   : Request from 127.0.0.1:80 to PATCH '/updateEmpInfo' completed with status 200.
2024-11-23T23:39:55.577-05:00  INFO 18196 --- [           main] d.c.p.interceptor.RrLoggingInterceptor   : Request from 127.0.0.1:80 to PATCH '/updateEmpInfo'...
2024-11-23T23:39:55.577-05:00  INFO 18196 --- [           main] d.c.p.i.ParameterDecodingInterceptor     : Decode client id from [MQ] to [1].
2024-11-23T23:39:55.577-05:00  INFO 18196 --- [           main] d.c.p.interceptor.RrLoggingInterceptor   : Request from 127.0.0.1:80 to PATCH '/updateEmpInfo' completed with status 200.
2024-11-23T23:39:55.577-05:00  INFO 18196 --- [           main] d.c.p.interceptor.RrLoggingInterceptor   : Request from 127.0.0.1:80 to PATCH '/updateEmpInfo'...
2024-11-23T23:39:55.577-05:00  INFO 18196 --- [           main] d.c.p.i.ParameterDecodingInterceptor     : Decode client id from [MQ] to [1].
2024-11-23T23:39:55.578-05:00  INFO 18196 --- [           main] d.c.p.interceptor.RrLoggingInterceptor   : Request from 127.0.0.1:80 to PATCH '/updateEmpInfo' completed with status 200.
2024-11-23T23:39:55.578-05:00  INFO 18196 --- [           main] d.c.p.interceptor.RrLoggingInterceptor   : Request from 127.0.0.1:80 to PATCH '/updateEmpInfo'...
2024-11-23T23:39:55.578-05:00  INFO 18196 --- [           main] d.c.p.i.ParameterDecodingInterceptor     : Decode client id from [MQ] to [1].
2024-11-23T23:39:55.578-05:00  INFO 18196 --- [           main] d.c.p.interceptor.RrLoggingInterceptor   : Request from 127.0.0.1:80 to PATCH '/updateEmpInfo' completed with status 200.
]]></system-out>
  </testcase>
  <testcase name="testLogin" classname="dev.coms4156.project.RouteControllerTest" time="0.002">
    <system-out><![CDATA[2024-11-23T23:39:55.580-05:00  INFO 18196 --- [           main] d.c.p.interceptor.RrLoggingInterceptor   : Request from 127.0.0.1:80 to POST '/login'...
2024-11-23T23:39:55.581-05:00  INFO 18196 --- [           main] d.c.p.interceptor.RrLoggingInterceptor   : Request from 127.0.0.1:80 to POST '/login' completed with status 200.
2024-11-23T23:39:55.581-05:00  INFO 18196 --- [           main] d.c.p.interceptor.RrLoggingInterceptor   : Request from 127.0.0.1:80 to POST '/login'...
2024-11-23T23:39:55.581-05:00  WARN 18196 --- [           main] dev.coms4156.project.HrDatabaseFacade    : Organization not found: 99
2024-11-23T23:39:55.581-05:00  INFO 18196 --- [           main] d.c.p.interceptor.RrLoggingInterceptor   : Request from 127.0.0.1:80 to POST '/login' completed with status 401.
2024-11-23T23:39:55.581-05:00  INFO 18196 --- [           main] d.c.p.interceptor.RrLoggingInterceptor   : Request from 127.0.0.1:80 to POST '/login'...
2024-11-23T23:39:55.582-05:00  INFO 18196 --- [           main] d.c.p.interceptor.RrLoggingInterceptor   : Request from 127.0.0.1:80 to POST '/login' completed with status 401.
]]></system-out>
  </testcase>
  <testcase name="testAccessNonExistentEmployee" classname="dev.coms4156.project.RouteControllerTest" time="0.003">
    <system-out><![CDATA[2024-11-23T23:39:55.584-05:00  INFO 18196 --- [           main] d.c.p.interceptor.RrLoggingInterceptor   : Request from 127.0.0.1:80 to GET '/getEmpInfo'...
2024-11-23T23:39:55.584-05:00  INFO 18196 --- [           main] d.c.p.i.ParameterDecodingInterceptor     : Decode client id from [MQ] to [1].
2024-11-23T23:39:55.585-05:00  INFO 18196 --- [           main] d.c.p.interceptor.RrLoggingInterceptor   : Request from 127.0.0.1:80 to GET '/getEmpInfo' completed with status 404.
]]></system-out>
  </testcase>
  <testcase name="testGetOrganizationInfo" classname="dev.coms4156.project.RouteControllerTest" time="0.004">
    <system-out><![CDATA[2024-11-23T23:39:55.588-05:00  INFO 18196 --- [           main] d.c.p.interceptor.RrLoggingInterceptor   : Request from 127.0.0.1:80 to GET '/getOrgInfo'...
2024-11-23T23:39:55.588-05:00  INFO 18196 --- [           main] d.c.p.i.ParameterDecodingInterceptor     : Decode client id from [MQ] to [1].
2024-11-23T23:39:55.589-05:00  INFO 18196 --- [           main] d.c.p.interceptor.RrLoggingInterceptor   : Request from 127.0.0.1:80 to GET '/getOrgInfo' completed with status 200.
{"departments_id":[1,2],"name":"Acme Corp","id":1,"departments":[{"head":"John Doe","name":"Engineering","id":1,"employeeCount":4},{"head":"","name":"Marketing","id":2,"employeeCount":1}]}
]]></system-out>
  </testcase>
  <testcase name="testInvalidClientId" classname="dev.coms4156.project.RouteControllerTest" time="0.003">
    <system-out><![CDATA[2024-11-23T23:39:55.594-05:00  INFO 18196 --- [           main] d.c.p.interceptor.RrLoggingInterceptor   : Request from 127.0.0.1:80 to GET '/getEmpInfo'...
2024-11-23T23:39:55.594-05:00  INFO 18196 --- [           main] d.c.p.i.ParameterDecodingInterceptor     : Decode client id from [OTk] to [99].
2024-11-23T23:39:55.594-05:00  WARN 18196 --- [           main] dev.coms4156.project.HrDatabaseFacade    : Organization not found: 99
2024-11-23T23:39:55.595-05:00  INFO 18196 --- [           main] d.c.p.interceptor.RrLoggingInterceptor   : Request from 127.0.0.1:80 to GET '/getEmpInfo' completed with status 404.
]]></system-out>
  </testcase>
  <testcase name="testStatDeptBudget" classname="dev.coms4156.project.RouteControllerTest" time="0.002">
    <system-out><![CDATA[2024-11-23T23:39:55.597-05:00  INFO 18196 --- [           main] d.c.p.interceptor.RrLoggingInterceptor   : Request from 127.0.0.1:80 to GET '/statDeptBudget'...
2024-11-23T23:39:55.598-05:00  INFO 18196 --- [           main] d.c.p.i.ParameterDecodingInterceptor     : Decode client id from [MQ] to [1].
{head=John Doe, name=Engineering, id=1, employees=[{performance=10.0, name=John Doe, id=1, position=SalesManager, salary=100.0}, {performance=88.3, name=Tom Brown, id=3, position=Software Engineer, salary=70000.0}, {performance=90.0, name=Test, id=4, position=Something, salary=80000.0}, {performance=0.0, name=Lily, id=3, position=Other, salary=0.0}], employeeCount=4, headId=1}
2024-11-23T23:39:55.598-05:00  INFO 18196 --- [           main] d.c.p.interceptor.RrLoggingInterceptor   : Request from 127.0.0.1:80 to GET '/statDeptBudget' completed with status 200.
]]></system-out>
  </testcase>
  <testcase name="testGetEmployeeInfo" classname="dev.coms4156.project.RouteControllerTest" time="0.002">
    <system-out><![CDATA[2024-11-23T23:39:55.600-05:00  INFO 18196 --- [           main] d.c.p.interceptor.RrLoggingInterceptor   : Request from 127.0.0.1:80 to GET '/getEmpInfo'...
2024-11-23T23:39:55.600-05:00  INFO 18196 --- [           main] d.c.p.i.ParameterDecodingInterceptor     : Decode client id from [MQ] to [1].
2024-11-23T23:39:55.601-05:00  INFO 18196 --- [           main] d.c.p.interceptor.RrLoggingInterceptor   : Request from 127.0.0.1:80 to GET '/getEmpInfo' completed with status 200.
{"hireDate":"2024-11-24T04:39:55.566+00:00","performance":10.0,"name":"John Doe","ID":1,"position":"SalesManager","salary":100.0,"representation":"Employee: John Doe (ID: 1) Hired at: Sat Nov 23 23:39:55 EST 2024"}
]]></system-out>
  </testcase>
  <testcase name="testSetEmpPosition" classname="dev.coms4156.project.RouteControllerTest" time="0.002">
    <system-out><![CDATA[2024-11-23T23:39:55.602-05:00  INFO 18196 --- [           main] d.c.p.interceptor.RrLoggingInterceptor   : Request from 127.0.0.1:80 to PATCH '/setEmpPos'...
2024-11-23T23:39:55.602-05:00  INFO 18196 --- [           main] d.c.p.i.ParameterDecodingInterceptor     : Decode client id from [MQ] to [1].
2024-11-23T23:39:55.604-05:00  INFO 18196 --- [           main] d.c.p.interceptor.RrLoggingInterceptor   : Request from 127.0.0.1:80 to PATCH '/setEmpPos' completed with status 200.
]]></system-out>
  </testcase>
  <testcase name="testRegister" classname="dev.coms4156.project.RouteControllerTest" time="0.006">
    <system-out><![CDATA[2024-11-23T23:39:55.607-05:00  INFO 18196 --- [           main] d.c.p.interceptor.RrLoggingInterceptor   : Request from 127.0.0.1:80 to POST '/register'...
2024-11-23T23:39:55.610-05:00  INFO 18196 --- [           main] d.c.p.interceptor.RrLoggingInterceptor   : Request from 127.0.0.1:80 to POST '/register' completed with status 201.
{"message":"Organization AdvSE created","status":"success","token":"Mw"}
]]></system-out>
  </testcase>
  <testcase name="testSetEmpSalary" classname="dev.coms4156.project.RouteControllerTest" time="0.002">
    <system-out><![CDATA[2024-11-23T23:39:55.612-05:00  INFO 18196 --- [           main] d.c.p.interceptor.RrLoggingInterceptor   : Request from 127.0.0.1:80 to PATCH '/setEmpSalary'...
2024-11-23T23:39:55.612-05:00  INFO 18196 --- [           main] d.c.p.i.ParameterDecodingInterceptor     : Decode client id from [MQ] to [1].
2024-11-23T23:39:55.612-05:00  INFO 18196 --- [           main] d.c.p.interceptor.RrLoggingInterceptor   : Request from 127.0.0.1:80 to PATCH '/setEmpSalary' completed with status 200.
]]></system-out>
  </testcase>
  <testcase name="testSetEmpPositionNotExist" classname="dev.coms4156.project.RouteControllerTest" time="0.003">
    <system-out><![CDATA[2024-11-23T23:39:55.615-05:00  INFO 18196 --- [           main] d.c.p.interceptor.RrLoggingInterceptor   : Request from 127.0.0.1:80 to PATCH '/setEmpPos'...
2024-11-23T23:39:55.616-05:00  INFO 18196 --- [           main] d.c.p.i.ParameterDecodingInterceptor     : Decode client id from [MQ] to [1].
2024-11-23T23:39:55.617-05:00  INFO 18196 --- [           main] d.c.p.interceptor.RrLoggingInterceptor   : Request from 127.0.0.1:80 to PATCH '/setEmpPos' completed with status 404.
]]></system-out>
  </testcase>
  <testcase name="testClientCannotAccessAnotherClientsEmployee" classname="dev.coms4156.project.RouteControllerTest" time="0.004">
    <system-out><![CDATA[2024-11-23T23:39:55.620-05:00  INFO 18196 --- [           main] d.c.p.interceptor.RrLoggingInterceptor   : Request from 127.0.0.1:80 to GET '/getEmpInfo'...
2024-11-23T23:39:55.621-05:00  INFO 18196 --- [           main] d.c.p.i.ParameterDecodingInterceptor     : Decode client id from [MQ] to [1].
2024-11-23T23:39:55.622-05:00  INFO 18196 --- [           main] d.c.p.interceptor.RrLoggingInterceptor   : Request from 127.0.0.1:80 to GET '/getEmpInfo' completed with status 200.
]]></system-out>
  </testcase>
  <testcase name="testSetDeptHeadNotExist" classname="dev.coms4156.project.RouteControllerTest" time="0.004">
    <system-out><![CDATA[2024-11-23T23:39:55.625-05:00  INFO 18196 --- [           main] d.c.p.interceptor.RrLoggingInterceptor   : Request from 127.0.0.1:80 to PATCH '/setDeptHead'...
2024-11-23T23:39:55.626-05:00  INFO 18196 --- [           main] d.c.p.i.ParameterDecodingInterceptor     : Decode client id from [MQ] to [1].
2024-11-23T23:39:55.626-05:00  INFO 18196 --- [           main] d.c.p.interceptor.RrLoggingInterceptor   : Request from 127.0.0.1:80 to PATCH '/setDeptHead' completed with status 404.
2024-11-23T23:39:55.626-05:00  INFO 18196 --- [           main] d.c.p.interceptor.RrLoggingInterceptor   : Request from 127.0.0.1:80 to PATCH '/setDeptHead'...
2024-11-23T23:39:55.626-05:00  INFO 18196 --- [           main] d.c.p.i.ParameterDecodingInterceptor     : Decode client id from [MQ] to [1].
{head=John Doe, name=Engineering, id=1, employees=[{performance=10.0, name=John Doe, id=1, position=SoftwareEngineer, salary=5000.05}, {performance=88.3, name=Tom Brown, id=3, position=Software Engineer, salary=70000.0}, {performance=90.0, name=Test, id=4, position=Something, salary=80000.0}, {performance=0.0, name=Lily, id=3, position=Other, salary=0.0}], employeeCount=4, headId=1}
2024-11-23T23:39:55.627-05:00  INFO 18196 --- [           main] d.c.p.interceptor.RrLoggingInterceptor   : Request from 127.0.0.1:80 to PATCH '/setDeptHead' completed with status 404.
]]></system-out>
  </testcase>
  <testcase name="testSetEmpPerformanceNotExist" classname="dev.coms4156.project.RouteControllerTest" time="0.002">
    <system-out><![CDATA[2024-11-23T23:39:55.629-05:00  INFO 18196 --- [           main] d.c.p.interceptor.RrLoggingInterceptor   : Request from 127.0.0.1:80 to PATCH '/setEmpPerf'...
2024-11-23T23:39:55.629-05:00  INFO 18196 --- [           main] d.c.p.i.ParameterDecodingInterceptor     : Decode client id from [MQ] to [1].
2024-11-23T23:39:55.629-05:00  INFO 18196 --- [           main] d.c.p.interceptor.RrLoggingInterceptor   : Request from 127.0.0.1:80 to PATCH '/setEmpPerf' completed with status 404.
]]></system-out>
  </testcase>
  <testcase name="testStatDeptPerf" classname="dev.coms4156.project.RouteControllerTest" time="0.007">
    <system-out><![CDATA[2024-11-23T23:39:55.631-05:00  INFO 18196 --- [           main] d.c.p.interceptor.RrLoggingInterceptor   : Request from 127.0.0.1:80 to GET '/statDeptPerf'...
2024-11-23T23:39:55.631-05:00  INFO 18196 --- [           main] d.c.p.i.ParameterDecodingInterceptor     : Decode client id from [MQ] to [1].
{head=John Doe, name=Engineering, id=1, employees=[{performance=10.0, name=John Doe, id=1, position=SoftwareEngineer, salary=5000.05}, {performance=88.3, name=Tom Brown, id=3, position=Software Engineer, salary=70000.0}, {performance=90.0, name=Test, id=4, position=Something, salary=80000.0}, {performance=0.0, name=Lily, id=3, position=Other, salary=0.0}], employeeCount=4, headId=1}
2024-11-23T23:39:55.636-05:00  INFO 18196 --- [           main] d.c.p.interceptor.RrLoggingInterceptor   : Request from 127.0.0.1:80 to GET '/statDeptPerf' completed with status 200.
]]></system-out>
  </testcase>
  <testcase name="testSetEmpPerformance" classname="dev.coms4156.project.RouteControllerTest" time="0.002">
    <system-out><![CDATA[2024-11-23T23:39:55.638-05:00  INFO 18196 --- [           main] d.c.p.interceptor.RrLoggingInterceptor   : Request from 127.0.0.1:80 to PATCH '/setEmpPerf'...
2024-11-23T23:39:55.638-05:00  INFO 18196 --- [           main] d.c.p.i.ParameterDecodingInterceptor     : Decode client id from [MQ] to [1].
2024-11-23T23:39:55.639-05:00  INFO 18196 --- [           main] d.c.p.interceptor.RrLoggingInterceptor   : Request from 127.0.0.1:80 to PATCH '/setEmpPerf' completed with status 200.
]]></system-out>
  </testcase>
  <testcase name="testRemoveEmpFromDept" classname="dev.coms4156.project.RouteControllerTest" time="0.005">
    <system-out><![CDATA[2024-11-23T23:39:55.641-05:00  INFO 18196 --- [           main] d.c.p.interceptor.RrLoggingInterceptor   : Request from 127.0.0.1:80 to DELETE '/removeEmpFromDept'...
2024-11-23T23:39:55.641-05:00  INFO 18196 --- [           main] d.c.p.i.ParameterDecodingInterceptor     : Decode client id from [MQ] to [1].
{head=John Doe, name=Engineering, id=1, employees=[{performance=95.5, name=John Doe, id=1, position=SoftwareEngineer, salary=5000.05}, {performance=88.3, name=Tom Brown, id=3, position=Software Engineer, salary=70000.0}, {performance=90.0, name=Test, id=4, position=Something, salary=80000.0}, {performance=0.0, name=Lily, id=3, position=Other, salary=0.0}], employeeCount=4, headId=1}
2024-11-23T23:39:55.643-05:00  INFO 18196 --- [           main] d.c.p.interceptor.RrLoggingInterceptor   : Request from 127.0.0.1:80 to DELETE '/removeEmpFromDept' completed with status 200.
2024-11-23T23:39:55.644-05:00  INFO 18196 --- [           main] d.c.p.interceptor.RrLoggingInterceptor   : Request from 127.0.0.1:80 to GET '/getDeptInfo'...
2024-11-23T23:39:55.644-05:00  INFO 18196 --- [           main] d.c.p.i.ParameterDecodingInterceptor     : Decode client id from [MQ] to [1].
{head=John Doe, name=Engineering, id=1, employees=[{performance=88.3, name=Tom Brown, id=3, position=Software Engineer, salary=70000.0}, {performance=90.0, name=Test, id=4, position=Something, salary=80000.0}, {performance=0.0, name=Lily, id=3, position=Other, salary=0.0}], employeeCount=3, headId=1}
2024-11-23T23:39:55.644-05:00  INFO 18196 --- [           main] d.c.p.interceptor.RrLoggingInterceptor   : Request from 127.0.0.1:80 to GET '/getDeptInfo' completed with status 200.
{"head":"John Doe","name":"Engineering","id":1,"employees":[{"performance":88.3,"name":"Tom Brown","id":3,"position":"Software Engineer","salary":70000.0},{"performance":90.0,"name":"Test","id":4,"position":"Something","salary":80000.0},{"performance":0.0,"name":"Lily","id":3,"position":"Other","salary":0.0}],"employeeCount":3,"headId":1}
2024-11-23T23:39:55.644-05:00  INFO 18196 --- [           main] d.c.p.interceptor.RrLoggingInterceptor   : Request from 127.0.0.1:80 to DELETE '/removeEmpFromDept'...
2024-11-23T23:39:55.644-05:00  INFO 18196 --- [           main] d.c.p.i.ParameterDecodingInterceptor     : Decode client id from [MQ] to [1].
{head=John Doe, name=Engineering, id=1, employees=[{performance=88.3, name=Tom Brown, id=3, position=Software Engineer, salary=70000.0}, {performance=90.0, name=Test, id=4, position=Something, salary=80000.0}, {performance=0.0, name=Lily, id=3, position=Other, salary=0.0}], employeeCount=3, headId=1}
2024-11-23T23:39:55.645-05:00  INFO 18196 --- [           main] d.c.p.interceptor.RrLoggingInterceptor   : Request from 127.0.0.1:80 to DELETE '/removeEmpFromDept' completed with status 400.
{"message":"Bad Request: Employee not found with ID: 6","status":"failed"}
]]></system-out>
  </testcase>
  <testcase name="testStatDeptPos" classname="dev.coms4156.project.RouteControllerTest" time="0.003">
    <system-out><![CDATA[2024-11-23T23:39:55.646-05:00  INFO 18196 --- [           main] d.c.p.interceptor.RrLoggingInterceptor   : Request from 127.0.0.1:80 to POST '/addEmpToDept'...
2024-11-23T23:39:55.646-05:00  INFO 18196 --- [           main] d.c.p.i.ParameterDecodingInterceptor     : Decode client id from [MQ] to [1].
{head=John Doe, name=Engineering, id=1, employees=[{performance=88.3, name=Tom Brown, id=3, position=Software Engineer, salary=70000.0}, {performance=90.0, name=Test, id=4, position=Something, salary=80000.0}, {performance=0.0, name=Lily, id=3, position=Other, salary=0.0}], employeeCount=3, headId=1}
{hireDate=Sat Sep 28 00:00:00 EDT 2024, performance=0.0, name=Andy, ID=-1, position=SoftwareEngineer, salary=0.0, representation=Employee: Andy (ID: -1) Hired at: Sat Sep 28 00:00:00 EDT 2024}
{hireDate=Sat Sep 28 00:00:00 EDT 2024, performance=0.0, name=Andy, ID=3, position=SoftwareEngineer, salary=0.0, representation=Employee: Andy (ID: 3) Hired at: Sat Sep 28 00:00:00 EDT 2024}
2024-11-23T23:39:55.647-05:00  INFO 18196 --- [           main] d.c.p.interceptor.RrLoggingInterceptor   : Request from 127.0.0.1:80 to POST '/addEmpToDept' completed with status 201.
2024-11-23T23:39:55.647-05:00  INFO 18196 --- [           main] d.c.p.interceptor.RrLoggingInterceptor   : Request from 127.0.0.1:80 to GET '/statDeptPos'...
2024-11-23T23:39:55.647-05:00  INFO 18196 --- [           main] d.c.p.i.ParameterDecodingInterceptor     : Decode client id from [MQ] to [1].
{head=John Doe, name=Engineering, id=1, employees=[{performance=88.3, name=Tom Brown, id=3, position=Software Engineer, salary=70000.0}, {performance=90.0, name=Test, id=4, position=Something, salary=80000.0}, {performance=0.0, name=Lily, id=3, position=Other, salary=0.0}, {performance=0.0, name=Andy, id=3, position=SoftwareEngineer, salary=0.0}], employeeCount=4, headId=1}
2024-11-23T23:39:55.648-05:00  INFO 18196 --- [           main] d.c.p.interceptor.RrLoggingInterceptor   : Request from 127.0.0.1:80 to GET '/statDeptPos' completed with status 200.
{"other":1,"software engineer":1,"something":1,"softwareengineer":1}
]]></system-out>
  </testcase>
  <testcase name="testGetOrganizationInfoNotExist" classname="dev.coms4156.project.RouteControllerTest" time="0.002">
    <system-out><![CDATA[2024-11-23T23:39:55.649-05:00  INFO 18196 --- [           main] d.c.p.interceptor.RrLoggingInterceptor   : Request from 127.0.0.1:80 to GET '/getOrgInfo'...
2024-11-23T23:39:55.649-05:00  INFO 18196 --- [           main] d.c.p.i.ParameterDecodingInterceptor     : Decode client id from [OTk] to [99].
2024-11-23T23:39:55.650-05:00  WARN 18196 --- [           main] dev.coms4156.project.HrDatabaseFacade    : Organization not found: 99
2024-11-23T23:39:55.650-05:00  INFO 18196 --- [           main] d.c.p.interceptor.RrLoggingInterceptor   : Request from 127.0.0.1:80 to GET '/getOrgInfo' completed with status 404.
2024-11-23T23:39:55.650-05:00  INFO 18196 --- [           main] d.c.p.interceptor.RrLoggingInterceptor   : Request from 127.0.0.1:80 to GET '/getOrgInfo'...
2024-11-23T23:39:55.650-05:00  INFO 18196 --- [           main] d.c.p.i.ParameterDecodingInterceptor     : Decode client id from [OTk] to [99].
2024-11-23T23:39:55.650-05:00  WARN 18196 --- [           main] dev.coms4156.project.HrDatabaseFacade    : Organization not found: 99
2024-11-23T23:39:55.651-05:00  INFO 18196 --- [           main] d.c.p.interceptor.RrLoggingInterceptor   : Request from 127.0.0.1:80 to GET '/getOrgInfo' completed with status 404.
]]></system-out>
  </testcase>
</testsuite>