<?xml version="1.0" encoding="UTF-8"?>
<testsuite xmlns:xsi="http://www.w3.org/2001/XMLSchema-instance" xsi:noNamespaceSchemaLocation="https://maven.apache.org/surefire/maven-surefire-plugin/xsd/surefire-test-report-3.0.xsd" version="3.0" name="dev.coms4156.project.RealRouteControllerTest" time="0.602" tests="10" errors="0" skipped="0" failures="0">
  <properties>
    <property name="java.specification.version" value="17"/>
    <property name="sun.jnu.encoding" value="UTF-8"/>
    <property name="java.class.path" value="/Users/sophie/100-of-100-client-team/ClientApplication/backend/target/test-classes:/Users/sophie/100-of-100-client-team/ClientApplication/backend/target/classes:/Users/sophie/.m2/repository/org/springframework/boot/spring-boot-starter-web/3.2.2/spring-boot-starter-web-3.2.2.jar:/Users/sophie/.m2/repository/org/springframework/boot/spring-boot-starter/3.2.2/spring-boot-starter-3.2.2.jar:/Users/sophie/.m2/repository/org/springframework/boot/spring-boot/3.2.2/spring-boot-3.2.2.jar:/Users/sophie/.m2/repository/org/springframework/boot/spring-boot-autoconfigure/3.2.2/spring-boot-autoconfigure-3.2.2.jar:/Users/sophie/.m2/repository/org/springframework/boot/spring-boot-starter-logging/3.2.2/spring-boot-starter-logging-3.2.2.jar:/Users/sophie/.m2/repository/ch/qos/logback/logback-classic/1.4.14/logback-classic-1.4.14.jar:/Users/sophie/.m2/repository/ch/qos/logback/logback-core/1.4.14/logback-core-1.4.14.jar:/Users/sophie/.m2/repository/org/apache/logging/log4j/log4j-to-slf4j/2.21.1/log4j-to-slf4j-2.21.1.jar:/Users/sophie/.m2/repository/org/apache/logging/log4j/log4j-api/2.21.1/log4j-api-2.21.1.jar:/Users/sophie/.m2/repository/org/slf4j/jul-to-slf4j/2.0.11/jul-to-slf4j-2.0.11.jar:/Users/sophie/.m2/repository/jakarta/annotation/jakarta.annotation-api/2.1.1/jakarta.annotation-api-2.1.1.jar:/Users/sophie/.m2/repository/org/yaml/snakeyaml/2.2/snakeyaml-2.2.jar:/Users/sophie/.m2/repository/org/springframework/boot/spring-boot-starter-json/3.2.2/spring-boot-starter-json-3.2.2.jar:/Users/sophie/.m2/repository/com/fasterxml/jackson/core/jackson-databind/2.15.3/jackson-databind-2.15.3.jar:/Users/sophie/.m2/repository/com/fasterxml/jackson/core/jackson-annotations/2.15.3/jackson-annotations-2.15.3.jar:/Users/sophie/.m2/repository/com/fasterxml/jackson/core/jackson-core/2.15.3/jackson-core-2.15.3.jar:/Users/sophie/.m2/repository/com/fasterxml/jackson/datatype/jackson-datatype-jdk8/2.15.3/jackson-datatype-jdk8-2.15.3.jar:/Users/sophie/.m2/repository/com/fasterxml/jackson/datatype/jackson-datatype-jsr310/2.15.3/jackson-datatype-jsr310-2.15.3.jar:/Users/sophie/.m2/repository/com/fasterxml/jackson/module/jackson-module-parameter-names/2.15.3/jackson-module-parameter-names-2.15.3.jar:/Users/sophie/.m2/repository/org/springframework/boot/spring-boot-starter-tomcat/3.2.2/spring-boot-starter-tomcat-3.2.2.jar:/Users/sophie/.m2/repository/org/apache/tomcat/embed/tomcat-embed-core/10.1.18/tomcat-embed-core-10.1.18.jar:/Users/sophie/.m2/repository/org/apache/tomcat/embed/tomcat-embed-el/10.1.18/tomcat-embed-el-10.1.18.jar:/Users/sophie/.m2/repository/org/apache/tomcat/embed/tomcat-embed-websocket/10.1.18/tomcat-embed-websocket-10.1.18.jar:/Users/sophie/.m2/repository/org/springframework/spring-web/6.1.3/spring-web-6.1.3.jar:/Users/sophie/.m2/repository/org/springframework/spring-beans/6.1.3/spring-beans-6.1.3.jar:/Users/sophie/.m2/repository/io/micrometer/micrometer-observation/1.12.2/micrometer-observation-1.12.2.jar:/Users/sophie/.m2/repository/io/micrometer/micrometer-commons/1.12.2/micrometer-commons-1.12.2.jar:/Users/sophie/.m2/repository/org/springframework/spring-webmvc/6.1.3/spring-webmvc-6.1.3.jar:/Users/sophie/.m2/repository/org/springframework/spring-aop/6.1.3/spring-aop-6.1.3.jar:/Users/sophie/.m2/repository/org/springframework/spring-context/6.1.3/spring-context-6.1.3.jar:/Users/sophie/.m2/repository/org/springframework/spring-expression/6.1.3/spring-expression-6.1.3.jar:/Users/sophie/.m2/repository/org/springframework/boot/spring-boot-starter-test/3.2.2/spring-boot-starter-test-3.2.2.jar:/Users/sophie/.m2/repository/org/springframework/boot/spring-boot-test/3.2.2/spring-boot-test-3.2.2.jar:/Users/sophie/.m2/repository/org/springframework/boot/spring-boot-test-autoconfigure/3.2.2/spring-boot-test-autoconfigure-3.2.2.jar:/Users/sophie/.m2/repository/com/jayway/jsonpath/json-path/2.8.0/json-path-2.8.0.jar:/Users/sophie/.m2/repository/org/slf4j/slf4j-api/2.0.11/slf4j-api-2.0.11.jar:/Users/sophie/.m2/repository/jakarta/xml/bind/jakarta.xml.bind-api/4.0.1/jakarta.xml.bind-api-4.0.1.jar:/Users/sophie/.m2/repository/jakarta/activation/jakarta.activation-api/2.1.2/jakarta.activation-api-2.1.2.jar:/Users/sophie/.m2/repository/net/minidev/json-smart/2.5.0/json-smart-2.5.0.jar:/Users/sophie/.m2/repository/net/minidev/accessors-smart/2.5.0/accessors-smart-2.5.0.jar:/Users/sophie/.m2/repository/org/ow2/asm/asm/9.3/asm-9.3.jar:/Users/sophie/.m2/repository/org/assertj/assertj-core/3.24.2/assertj-core-3.24.2.jar:/Users/sophie/.m2/repository/net/bytebuddy/byte-buddy/1.14.11/byte-buddy-1.14.11.jar:/Users/sophie/.m2/repository/org/awaitility/awaitility/4.2.0/awaitility-4.2.0.jar:/Users/sophie/.m2/repository/org/hamcrest/hamcrest/2.2/hamcrest-2.2.jar:/Users/sophie/.m2/repository/org/junit/jupiter/junit-jupiter/5.10.1/junit-jupiter-5.10.1.jar:/Users/sophie/.m2/repository/org/junit/jupiter/junit-jupiter-api/5.10.1/junit-jupiter-api-5.10.1.jar:/Users/sophie/.m2/repository/org/opentest4j/opentest4j/1.3.0/opentest4j-1.3.0.jar:/Users/sophie/.m2/repository/org/junit/platform/junit-platform-commons/1.10.1/junit-platform-commons-1.10.1.jar:/Users/sophie/.m2/repository/org/apiguardian/apiguardian-api/1.1.2/apiguardian-api-1.1.2.jar:/Users/sophie/.m2/repository/org/junit/jupiter/junit-jupiter-params/5.10.1/junit-jupiter-params-5.10.1.jar:/Users/sophie/.m2/repository/org/junit/jupiter/junit-jupiter-engine/5.10.1/junit-jupiter-engine-5.10.1.jar:/Users/sophie/.m2/repository/org/junit/platform/junit-platform-engine/1.10.1/junit-platform-engine-1.10.1.jar:/Users/sophie/.m2/repository/org/mockito/mockito-core/5.7.0/mockito-core-5.7.0.jar:/Users/sophie/.m2/repository/net/bytebuddy/byte-buddy-agent/1.14.11/byte-buddy-agent-1.14.11.jar:/Users/sophie/.m2/repository/org/objenesis/objenesis/3.3/objenesis-3.3.jar:/Users/sophie/.m2/repository/org/mockito/mockito-junit-jupiter/5.7.0/mockito-junit-jupiter-5.7.0.jar:/Users/sophie/.m2/repository/org/skyscreamer/jsonassert/1.5.1/jsonassert-1.5.1.jar:/Users/sophie/.m2/repository/com/vaadin/external/google/android-json/0.0.20131108.vaadin1/android-json-0.0.20131108.vaadin1.jar:/Users/sophie/.m2/repository/org/springframework/spring-core/6.1.3/spring-core-6.1.3.jar:/Users/sophie/.m2/repository/org/springframework/spring-jcl/6.1.3/spring-jcl-6.1.3.jar:/Users/sophie/.m2/repository/org/springframework/spring-test/6.1.3/spring-test-6.1.3.jar:/Users/sophie/.m2/repository/org/xmlunit/xmlunit-core/2.9.1/xmlunit-core-2.9.1.jar:/Users/sophie/.m2/repository/com/mysql/mysql-connector-j/8.0.33/mysql-connector-j-8.0.33.jar:"/>
    <property name="java.vm.vendor" value="Homebrew"/>
    <property name="sun.arch.data.model" value="64"/>
    <property name="catalina.useNaming" value="false"/>
    <property name="java.vendor.url" value="https://github.com/Homebrew/homebrew-core/issues"/>
    <property name="user.timezone" value="America/New_York"/>
    <property name="os.name" value="Mac OS X"/>
    <property name="java.vm.specification.version" value="17"/>
    <property name="sun.java.launcher" value="SUN_STANDARD"/>
    <property name="user.country" value="US"/>
    <property name="sun.boot.library.path" value="/opt/homebrew/Cellar/openjdk@17/17.0.12/libexec/openjdk.jdk/Contents/Home/lib"/>
    <property name="sun.java.command" value="/Users/sophie/100-of-100-client-team/ClientApplication/backend/target/surefire/surefirebooter-20241123233950071_3.jar /Users/sophie/100-of-100-client-team/ClientApplication/backend/target/surefire 2024-11-23T23-39-50_030-jvmRun1 surefire-20241123233950071_1tmp surefire_0-20241123233950071_2tmp"/>
    <property name="http.nonProxyHosts" value="local|*.local|169.254/16|*.169.254/16"/>
    <property name="jdk.debug" value="release"/>
    <property name="surefire.test.class.path" value="/Users/sophie/100-of-100-client-team/ClientApplication/backend/target/test-classes:/Users/sophie/100-of-100-client-team/ClientApplication/backend/target/classes:/Users/sophie/.m2/repository/org/springframework/boot/spring-boot-starter-web/3.2.2/spring-boot-starter-web-3.2.2.jar:/Users/sophie/.m2/repository/org/springframework/boot/spring-boot-starter/3.2.2/spring-boot-starter-3.2.2.jar:/Users/sophie/.m2/repository/org/springframework/boot/spring-boot/3.2.2/spring-boot-3.2.2.jar:/Users/sophie/.m2/repository/org/springframework/boot/spring-boot-autoconfigure/3.2.2/spring-boot-autoconfigure-3.2.2.jar:/Users/sophie/.m2/repository/org/springframework/boot/spring-boot-starter-logging/3.2.2/spring-boot-starter-logging-3.2.2.jar:/Users/sophie/.m2/repository/ch/qos/logback/logback-classic/1.4.14/logback-classic-1.4.14.jar:/Users/sophie/.m2/repository/ch/qos/logback/logback-core/1.4.14/logback-core-1.4.14.jar:/Users/sophie/.m2/repository/org/apache/logging/log4j/log4j-to-slf4j/2.21.1/log4j-to-slf4j-2.21.1.jar:/Users/sophie/.m2/repository/org/apache/logging/log4j/log4j-api/2.21.1/log4j-api-2.21.1.jar:/Users/sophie/.m2/repository/org/slf4j/jul-to-slf4j/2.0.11/jul-to-slf4j-2.0.11.jar:/Users/sophie/.m2/repository/jakarta/annotation/jakarta.annotation-api/2.1.1/jakarta.annotation-api-2.1.1.jar:/Users/sophie/.m2/repository/org/yaml/snakeyaml/2.2/snakeyaml-2.2.jar:/Users/sophie/.m2/repository/org/springframework/boot/spring-boot-starter-json/3.2.2/spring-boot-starter-json-3.2.2.jar:/Users/sophie/.m2/repository/com/fasterxml/jackson/core/jackson-databind/2.15.3/jackson-databind-2.15.3.jar:/Users/sophie/.m2/repository/com/fasterxml/jackson/core/jackson-annotations/2.15.3/jackson-annotations-2.15.3.jar:/Users/sophie/.m2/repository/com/fasterxml/jackson/core/jackson-core/2.15.3/jackson-core-2.15.3.jar:/Users/sophie/.m2/repository/com/fasterxml/jackson/datatype/jackson-datatype-jdk8/2.15.3/jackson-datatype-jdk8-2.15.3.jar:/Users/sophie/.m2/repository/com/fasterxml/jackson/datatype/jackson-datatype-jsr310/2.15.3/jackson-datatype-jsr310-2.15.3.jar:/Users/sophie/.m2/repository/com/fasterxml/jackson/module/jackson-module-parameter-names/2.15.3/jackson-module-parameter-names-2.15.3.jar:/Users/sophie/.m2/repository/org/springframework/boot/spring-boot-starter-tomcat/3.2.2/spring-boot-starter-tomcat-3.2.2.jar:/Users/sophie/.m2/repository/org/apache/tomcat/embed/tomcat-embed-core/10.1.18/tomcat-embed-core-10.1.18.jar:/Users/sophie/.m2/repository/org/apache/tomcat/embed/tomcat-embed-el/10.1.18/tomcat-embed-el-10.1.18.jar:/Users/sophie/.m2/repository/org/apache/tomcat/embed/tomcat-embed-websocket/10.1.18/tomcat-embed-websocket-10.1.18.jar:/Users/sophie/.m2/repository/org/springframework/spring-web/6.1.3/spring-web-6.1.3.jar:/Users/sophie/.m2/repository/org/springframework/spring-beans/6.1.3/spring-beans-6.1.3.jar:/Users/sophie/.m2/repository/io/micrometer/micrometer-observation/1.12.2/micrometer-observation-1.12.2.jar:/Users/sophie/.m2/repository/io/micrometer/micrometer-commons/1.12.2/micrometer-commons-1.12.2.jar:/Users/sophie/.m2/repository/org/springframework/spring-webmvc/6.1.3/spring-webmvc-6.1.3.jar:/Users/sophie/.m2/repository/org/springframework/spring-aop/6.1.3/spring-aop-6.1.3.jar:/Users/sophie/.m2/repository/org/springframework/spring-context/6.1.3/spring-context-6.1.3.jar:/Users/sophie/.m2/repository/org/springframework/spring-expression/6.1.3/spring-expression-6.1.3.jar:/Users/sophie/.m2/repository/org/springframework/boot/spring-boot-starter-test/3.2.2/spring-boot-starter-test-3.2.2.jar:/Users/sophie/.m2/repository/org/springframework/boot/spring-boot-test/3.2.2/spring-boot-test-3.2.2.jar:/Users/sophie/.m2/repository/org/springframework/boot/spring-boot-test-autoconfigure/3.2.2/spring-boot-test-autoconfigure-3.2.2.jar:/Users/sophie/.m2/repository/com/jayway/jsonpath/json-path/2.8.0/json-path-2.8.0.jar:/Users/sophie/.m2/repository/org/slf4j/slf4j-api/2.0.11/slf4j-api-2.0.11.jar:/Users/sophie/.m2/repository/jakarta/xml/bind/jakarta.xml.bind-api/4.0.1/jakarta.xml.bind-api-4.0.1.jar:/Users/sophie/.m2/repository/jakarta/activation/jakarta.activation-api/2.1.2/jakarta.activation-api-2.1.2.jar:/Users/sophie/.m2/repository/net/minidev/json-smart/2.5.0/json-smart-2.5.0.jar:/Users/sophie/.m2/repository/net/minidev/accessors-smart/2.5.0/accessors-smart-2.5.0.jar:/Users/sophie/.m2/repository/org/ow2/asm/asm/9.3/asm-9.3.jar:/Users/sophie/.m2/repository/org/assertj/assertj-core/3.24.2/assertj-core-3.24.2.jar:/Users/sophie/.m2/repository/net/bytebuddy/byte-buddy/1.14.11/byte-buddy-1.14.11.jar:/Users/sophie/.m2/repository/org/awaitility/awaitility/4.2.0/awaitility-4.2.0.jar:/Users/sophie/.m2/repository/org/hamcrest/hamcrest/2.2/hamcrest-2.2.jar:/Users/sophie/.m2/repository/org/junit/jupiter/junit-jupiter/5.10.1/junit-jupiter-5.10.1.jar:/Users/sophie/.m2/repository/org/junit/jupiter/junit-jupiter-api/5.10.1/junit-jupiter-api-5.10.1.jar:/Users/sophie/.m2/repository/org/opentest4j/opentest4j/1.3.0/opentest4j-1.3.0.jar:/Users/sophie/.m2/repository/org/junit/platform/junit-platform-commons/1.10.1/junit-platform-commons-1.10.1.jar:/Users/sophie/.m2/repository/org/apiguardian/apiguardian-api/1.1.2/apiguardian-api-1.1.2.jar:/Users/sophie/.m2/repository/org/junit/jupiter/junit-jupiter-params/5.10.1/junit-jupiter-params-5.10.1.jar:/Users/sophie/.m2/repository/org/junit/jupiter/junit-jupiter-engine/5.10.1/junit-jupiter-engine-5.10.1.jar:/Users/sophie/.m2/repository/org/junit/platform/junit-platform-engine/1.10.1/junit-platform-engine-1.10.1.jar:/Users/sophie/.m2/repository/org/mockito/mockito-core/5.7.0/mockito-core-5.7.0.jar:/Users/sophie/.m2/repository/net/bytebuddy/byte-buddy-agent/1.14.11/byte-buddy-agent-1.14.11.jar:/Users/sophie/.m2/repository/org/objenesis/objenesis/3.3/objenesis-3.3.jar:/Users/sophie/.m2/repository/org/mockito/mockito-junit-jupiter/5.7.0/mockito-junit-jupiter-5.7.0.jar:/Users/sophie/.m2/repository/org/skyscreamer/jsonassert/1.5.1/jsonassert-1.5.1.jar:/Users/sophie/.m2/repository/com/vaadin/external/google/android-json/0.0.20131108.vaadin1/android-json-0.0.20131108.vaadin1.jar:/Users/sophie/.m2/repository/org/springframework/spring-core/6.1.3/spring-core-6.1.3.jar:/Users/sophie/.m2/repository/org/springframework/spring-jcl/6.1.3/spring-jcl-6.1.3.jar:/Users/sophie/.m2/repository/org/springframework/spring-test/6.1.3/spring-test-6.1.3.jar:/Users/sophie/.m2/repository/org/xmlunit/xmlunit-core/2.9.1/xmlunit-core-2.9.1.jar:/Users/sophie/.m2/repository/com/mysql/mysql-connector-j/8.0.33/mysql-connector-j-8.0.33.jar:"/>
    <property name="sun.cpu.endian" value="little"/>
    <property name="user.home" value="/Users/sophie"/>
    <property name="user.language" value="en"/>
    <property name="java.specification.vendor" value="Oracle Corporation"/>
    <property name="java.version.date" value="2024-07-16"/>
    <property name="java.home" value="/opt/homebrew/Cellar/openjdk@17/17.0.12/libexec/openjdk.jdk/Contents/Home"/>
    <property name="file.separator" value="/"/>
    <property name="basedir" value="/Users/sophie/100-of-100-client-team/ClientApplication/backend"/>
    <property name="java.vm.compressedOopsMode" value="Zero based"/>
    <property name="line.separator" value="&#10;"/>
    <property name="java.vm.specification.vendor" value="Oracle Corporation"/>
    <property name="java.specification.name" value="Java Platform API Specification"/>
    <property name="FILE_LOG_CHARSET" value="UTF-8"/>
    <property name="java.awt.headless" value="true"/>
    <property name="surefire.real.class.path" value="/Users/sophie/100-of-100-client-team/ClientApplication/backend/target/surefire/surefirebooter-20241123233950071_3.jar"/>
    <property name="sun.management.compiler" value="HotSpot 64-Bit Tiered Compilers"/>
    <property name="ftp.nonProxyHosts" value="local|*.local|169.254/16|*.169.254/16"/>
    <property name="java.runtime.version" value="17.0.12+0"/>
    <property name="user.name" value="sophie"/>
    <property name="path.separator" value=":"/>
    <property name="os.version" value="15.1.1"/>
    <property name="java.runtime.name" value="OpenJDK Runtime Environment"/>
    <property name="file.encoding" value="UTF-8"/>
    <property name="java.vm.name" value="OpenJDK 64-Bit Server VM"/>
    <property name="java.vendor.version" value="Homebrew"/>
    <property name="localRepository" value="/Users/sophie/.m2/repository"/>
    <property name="java.vendor.url.bug" value="https://github.com/Homebrew/homebrew-core/issues"/>
    <property name="java.io.tmpdir" value="/var/folders/rw/8x_6gq_949n27k0_71ws29x00000gn/T/"/>
    <property name="catalina.home" value="/private/var/folders/rw/8x_6gq_949n27k0_71ws29x00000gn/T/tomcat.8080.1584113539672118907"/>
    <property name="java.version" value="17.0.12"/>
    <property name="user.dir" value="/Users/sophie/100-of-100-client-team/ClientApplication/backend"/>
    <property name="os.arch" value="aarch64"/>
    <property name="java.vm.specification.name" value="Java Virtual Machine Specification"/>
    <property name="PID" value="18196"/>
    <property name="CONSOLE_LOG_CHARSET" value="UTF-8"/>
    <property name="catalina.base" value="/private/var/folders/rw/8x_6gq_949n27k0_71ws29x00000gn/T/tomcat.8080.1584113539672118907"/>
    <property name="native.encoding" value="UTF-8"/>
    <property name="java.library.path" value="/Users/sophie/Library/Java/Extensions:/Library/Java/Extensions:/Network/Library/Java/Extensions:/System/Library/Java/Extensions:/usr/lib/java:."/>
    <property name="java.vm.info" value="mixed mode, sharing"/>
    <property name="java.vendor" value="Homebrew"/>
    <property name="java.vm.version" value="17.0.12+0"/>
    <property name="sun.io.unicode.encoding" value="UnicodeBig"/>
    <property name="socksNonProxyHosts" value="local|*.local|169.254/16|*.169.254/16"/>
    <property name="java.class.version" value="61.0"/>
  </properties>
  <testcase name="testLoginSuccess" classname="dev.coms4156.project.RealRouteControllerTest" time="0.225">
    <system-out><![CDATA[2024-11-23T23:39:54.896-05:00  INFO 18196 --- [           main] t.c.s.AnnotationConfigContextLoaderUtils : Could not detect default configuration classes for test class [dev.coms4156.project.RealRouteControllerTest]: RealRouteControllerTest does not declare any static, non-private, non-final, nested classes annotated with @Configuration.
2024-11-23T23:39:54.906-05:00  INFO 18196 --- [           main] .b.t.c.SpringBootTestContextBootstrapper : Found @SpringBootConfiguration dev.coms4156.project.ServiceApplication for test class dev.coms4156.project.RealRouteControllerTest
2024-11-23T23:39:54.909-05:00  INFO 18196 --- [           main] dev.coms4156.project.HrDatabaseFacade    : Database connection is set to: MysqlConnection::us-east-1.rds.amazonaws.com

  .   ____          _            __ _ _
 /\\ / ___'_ __ _ _(_)_ __  __ _ \ \ \ \
( ( )\___ | '_ | '_| | '_ \/ _` | \ \ \ \
 \\/  ___)| |_)| | | | | || (_| |  ) ) ) )
  '  |____| .__|_| |_|_| |_\__, | / / / /
 =========|_|==============|___/=/_/_/_/
 :: Spring Boot ::                (v3.2.2)

2024-11-23T23:39:54.925-05:00  INFO 18196 --- [           main] d.c.project.RealRouteControllerTest      : Starting RealRouteControllerTest using Java 17.0.12 with PID 18196 (started by sophie in /Users/sophie/100-of-100-client-team/ClientApplication/backend)
2024-11-23T23:39:54.926-05:00  INFO 18196 --- [           main] d.c.project.RealRouteControllerTest      : No active profile set, falling back to 1 default profile: "default"
2024-11-23T23:39:55.044-05:00  INFO 18196 --- [           main] o.s.b.t.m.w.SpringBootMockServletContext : Initializing Spring TestDispatcherServlet ''
2024-11-23T23:39:55.044-05:00  INFO 18196 --- [           main] o.s.t.web.servlet.TestDispatcherServlet  : Initializing Servlet ''
2024-11-23T23:39:55.045-05:00  INFO 18196 --- [           main] o.s.t.web.servlet.TestDispatcherServlet  : Completed initialization in 1 ms
2024-11-23T23:39:55.049-05:00  INFO 18196 --- [           main] d.c.project.RealRouteControllerTest      : Started RealRouteControllerTest in 0.139 seconds (process running for 4.921)
2024-11-23T23:39:55.069-05:00  INFO 18196 --- [           main] d.c.p.interceptor.RrLoggingInterceptor   : Request from 127.0.0.1:80 to POST '/login'...
2024-11-23T23:39:55.265-05:00  INFO 18196 --- [           main] d.c.p.interceptor.RrLoggingInterceptor   : Request from 127.0.0.1:80 to POST '/login' completed with status 200.
Logged in as Acme Corp
]]></system-out>
  </testcase>
  <testcase name="testLoginFailure" classname="dev.coms4156.project.RealRouteControllerTest" time="0.003">
    <system-out><![CDATA[2024-11-23T23:39:55.277-05:00  INFO 18196 --- [           main] d.c.p.interceptor.RrLoggingInterceptor   : Request from 127.0.0.1:80 to POST '/login'...
2024-11-23T23:39:55.278-05:00  INFO 18196 --- [           main] d.c.p.interceptor.RrLoggingInterceptor   : Request from 127.0.0.1:80 to POST '/login' completed with status 401.
Invalid client ID
]]></system-out>
  </testcase>
  <testcase name="testLoginNotexist" classname="dev.coms4156.project.RealRouteControllerTest" time="0.021">
    <system-out><![CDATA[2024-11-23T23:39:55.280-05:00  INFO 18196 --- [           main] d.c.p.interceptor.RrLoggingInterceptor   : Request from 127.0.0.1:80 to POST '/login'...
2024-11-23T23:39:55.300-05:00  WARN 18196 --- [           main] dev.coms4156.project.HrDatabaseFacade    : Organization not found: 9999
2024-11-23T23:39:55.300-05:00  INFO 18196 --- [           main] d.c.p.interceptor.RrLoggingInterceptor   : Request from 127.0.0.1:80 to POST '/login' completed with status 401.
Invalid client ID
]]></system-out>
  </testcase>
  <testcase name="testGetOrgSuccess" classname="dev.coms4156.project.RealRouteControllerTest" time="0.01">
    <system-out><![CDATA[2024-11-23T23:39:55.303-05:00  INFO 18196 --- [           main] d.c.p.interceptor.RrLoggingInterceptor   : Request from 127.0.0.1:80 to GET '/getOrgInfo'...
2024-11-23T23:39:55.303-05:00  INFO 18196 --- [           main] d.c.p.i.ParameterDecodingInterceptor     : Decode client id from [MQ] to [1].
2024-11-23T23:39:55.309-05:00  INFO 18196 --- [           main] d.c.p.interceptor.RrLoggingInterceptor   : Request from 127.0.0.1:80 to GET '/getOrgInfo' completed with status 200.
1: 1 --> Engineering
2: 2 --> Marketing
]]></system-out>
  </testcase>
  <testcase name="testGetOrgNotexist" classname="dev.coms4156.project.RealRouteControllerTest" time="0.031">
    <system-out><![CDATA[2024-11-23T23:39:55.314-05:00  INFO 18196 --- [           main] d.c.p.interceptor.RrLoggingInterceptor   : Request from 127.0.0.1:80 to GET '/getOrgInfo'...
2024-11-23T23:39:55.314-05:00  INFO 18196 --- [           main] d.c.p.i.ParameterDecodingInterceptor     : Decode client id from [OTk5OQ] to [9999].
2024-11-23T23:39:55.338-05:00  WARN 18196 --- [           main] dev.coms4156.project.HrDatabaseFacade    : Organization not found: 9999
2024-11-23T23:39:55.343-05:00  INFO 18196 --- [           main] d.c.p.interceptor.RrLoggingInterceptor   : Request from 127.0.0.1:80 to GET '/getOrgInfo' completed with status 404.
]]></system-out>
  </testcase>
  <testcase name="testGetOrgFailure" classname="dev.coms4156.project.RealRouteControllerTest" time="0.011">
    <system-out><![CDATA[2024-11-23T23:39:55.345-05:00  INFO 18196 --- [           main] d.c.p.interceptor.RrLoggingInterceptor   : Request from 127.0.0.1:80 to GET '/getOrgInfo'...
2024-11-23T23:39:55.345-05:00  INFO 18196 --- [           main] d.c.p.i.ParameterDecodingInterceptor     : Decode client id from [invalid_clienttoken] to [�{ږ'rX���h��].
2024-11-23T23:39:55.354-05:00  INFO 18196 --- [           main] d.c.p.interceptor.RrLoggingInterceptor   : Request from 127.0.0.1:80 to GET '/getOrgInfo' completed with status 500.
]]></system-out>
  </testcase>
  <testcase name="testGetOrgNoparam" classname="dev.coms4156.project.RealRouteControllerTest" time="0.002">
    <system-out><![CDATA[2024-11-23T23:39:55.357-05:00  INFO 18196 --- [           main] d.c.p.interceptor.RrLoggingInterceptor   : Request from 127.0.0.1:80 to GET '/getOrgInfo'...
2024-11-23T23:39:55.357-05:00  WARN 18196 --- [           main] d.c.p.i.ParameterDecodingInterceptor     : Client ID is required.
2024-11-23T23:39:55.357-05:00  INFO 18196 --- [           main] d.c.p.interceptor.RrLoggingInterceptor   : Request from 127.0.0.1:80 to GET '/getOrgInfo' completed with status 403.
]]></system-out>
  </testcase>
  <testcase name="testGetDeptSuccess" classname="dev.coms4156.project.RealRouteControllerTest" time="0.021">
    <system-out><![CDATA[2024-11-23T23:39:55.359-05:00  INFO 18196 --- [           main] d.c.p.interceptor.RrLoggingInterceptor   : Request from 127.0.0.1:80 to GET '/getDeptInfo'...
2024-11-23T23:39:55.359-05:00  INFO 18196 --- [           main] d.c.p.i.ParameterDecodingInterceptor     : Decode client id from [MQ] to [1].
{head=John Doe, name=Engineering, id=1, employees=[{performance=90.0, name=John Doe, id=1, position=Software Engineer, salary=75000.0}, {performance=88.3, name=Tom Brown, id=3, position=Software Engineer, salary=70000.0}, {performance=90.0, name=Test, id=4, position=Something, salary=80000.0}], employeeCount=3, headId=1}
2024-11-23T23:39:55.375-05:00  INFO 18196 --- [           main] d.c.p.interceptor.RrLoggingInterceptor   : Request from 127.0.0.1:80 to GET '/getDeptInfo' completed with status 200.
Dept 1: Employee 1 --> John Doe
Dept 1: Employee 3 --> Tom Brown
Dept 1: Employee 4 --> Test
2024-11-23T23:39:55.377-05:00  INFO 18196 --- [           main] d.c.p.interceptor.RrLoggingInterceptor   : Request from 127.0.0.1:80 to GET '/getDeptInfo'...
2024-11-23T23:39:55.377-05:00  INFO 18196 --- [           main] d.c.p.i.ParameterDecodingInterceptor     : Decode client id from [MQ] to [1].
{head=Someone, name=Marketing, id=2, employees=[{performance=90.0, name=Someone, id=5, position=Software Engineer, salary=80000.0}], employeeCount=1, headId=5}
2024-11-23T23:39:55.378-05:00  INFO 18196 --- [           main] d.c.p.interceptor.RrLoggingInterceptor   : Request from 127.0.0.1:80 to GET '/getDeptInfo' completed with status 200.
Dept 2: Employee 5 --> Someone
]]></system-out>
  </testcase>
  <testcase name="testGetDeptNotexist" classname="dev.coms4156.project.RealRouteControllerTest" time="0.107">
    <system-out><![CDATA[2024-11-23T23:39:55.381-05:00  INFO 18196 --- [           main] d.c.p.interceptor.RrLoggingInterceptor   : Request from 127.0.0.1:80 to GET '/getDeptInfo'...
2024-11-23T23:39:55.381-05:00  INFO 18196 --- [           main] d.c.p.i.ParameterDecodingInterceptor     : Decode client id from [MQ] to [1].
2024-11-23T23:39:55.486-05:00  INFO 18196 --- [           main] d.c.p.interceptor.RrLoggingInterceptor   : Request from 127.0.0.1:80 to GET '/getDeptInfo' completed with status 404.
]]></system-out>
  </testcase>
  <testcase name="testGetEmployeeSuccess" classname="dev.coms4156.project.RealRouteControllerTest" time="0.008">
    <system-out><![CDATA[2024-11-23T23:39:55.488-05:00  INFO 18196 --- [           main] d.c.p.interceptor.RrLoggingInterceptor   : Request from 127.0.0.1:80 to GET '/getEmpInfo'...
2024-11-23T23:39:55.489-05:00  INFO 18196 --- [           main] d.c.p.i.ParameterDecodingInterceptor     : Decode client id from [MQ] to [1].
2024-11-23T23:39:55.492-05:00  INFO 18196 --- [           main] d.c.p.interceptor.RrLoggingInterceptor   : Request from 127.0.0.1:80 to GET '/getEmpInfo' completed with status 200.
Employee 1: John Doe hired on 2020-01-15T05:00:00.000+00:00
2024-11-23T23:39:55.493-05:00  INFO 18196 --- [           main] d.c.p.interceptor.RrLoggingInterceptor   : Request from 127.0.0.1:80 to GET '/getEmpInfo'...
2024-11-23T23:39:55.493-05:00  INFO 18196 --- [           main] d.c.p.i.ParameterDecodingInterceptor     : Decode client id from [MQ] to [1].
2024-11-23T23:39:55.494-05:00  INFO 18196 --- [           main] d.c.p.interceptor.RrLoggingInterceptor   : Request from 127.0.0.1:80 to GET '/getEmpInfo' completed with status 200.
Employee 3: Tom Brown hired on 2021-03-20T04:00:00.000+00:00
2024-11-23T23:39:55.494-05:00  INFO 18196 --- [           main] d.c.p.interceptor.RrLoggingInterceptor   : Request from 127.0.0.1:80 to GET '/getEmpInfo'...
2024-11-23T23:39:55.494-05:00  INFO 18196 --- [           main] d.c.p.i.ParameterDecodingInterceptor     : Decode client id from [MQ] to [1].
2024-11-23T23:39:55.494-05:00  INFO 18196 --- [           main] d.c.p.interceptor.RrLoggingInterceptor   : Request from 127.0.0.1:80 to GET '/getEmpInfo' completed with status 200.
Employee 4: Test hired on 2024-11-22T05:00:00.000+00:00
2024-11-23T23:39:55.495-05:00  INFO 18196 --- [           main] d.c.p.interceptor.RrLoggingInterceptor   : Request from 127.0.0.1:80 to GET '/getEmpInfo'...
2024-11-23T23:39:55.495-05:00  INFO 18196 --- [           main] d.c.p.i.ParameterDecodingInterceptor     : Decode client id from [MQ] to [1].
2024-11-23T23:39:55.495-05:00  INFO 18196 --- [           main] d.c.p.interceptor.RrLoggingInterceptor   : Request from 127.0.0.1:80 to GET '/getEmpInfo' completed with status 200.
Employee 5: Someone hired on 2024-11-22T05:00:00.000+00:00
]]></system-out>
  </testcase>
</testsuite>